                                        ; ///////////////////////
                                        ; //                   //
                                        ; //  File Attributes  //
                                        ; //                   //
                                        ; ///////////////////////
                                        
                                        ; Filename: legal.bmp
                                        ; Pixel Width: 160px
                                        ; Pixel Height: 144px
                                        
                                        ; /////////////////
                                        ; //             //
                                        ; //  Constants  //
                                        ; //             //
                                        ; /////////////////
                                        
                                        .EQU legal_tile_map_size	$0168
                                        .EQU legal_tile_map_width	$14
                                        .EQU legal_tile_map_height	$12
                                        
                                        .EQU legal_tile_data_size	$07E0
                                        .EQU legal_tile_count		$0168
                                        
                                        ; ////////////////
                                        ; //            //
                                        ; //  Map Data  //
                                        ; //            //
                                        ; ////////////////
                                        
                                        legal_map_data:
$00 $00 $00 $00 $00 $00 $00 $00 $00 $00 .DB $00,$00,$00,$00,$00,$00,$00,$00,$00,$00,$00,$00,$00,$00,$00,$00
$00 $00 $00 $00 $00 $00 
$00 $00 $00 $00 $00 $00 $01 $02 $03 $04 .DB $00,$00,$00,$00,$00,$00,$01,$02,$03,$04,$05,$06,$00,$00,$07,$08
$05 $06 $00 $00 $07 $08 
$09 $0A $00 $0B $0C $0D $00 $00 $00 $00 .DB $09,$0A,$00,$0B,$0C,$0D,$00,$00,$00,$00,$0E,$0F,$10,$11,$12,$13
$0E $0F $10 $11 $12 $13 
$14 $15 $16 $17 $18 $19 $1A $1B $1C $1D .DB $14,$15,$16,$17,$18,$19,$1A,$1B,$1C,$1D,$00,$00,$00,$00,$1E,$1F
$00 $00 $00 $00 $1E $1F 
$20 $21 $22 $23 $24 $25 $26 $27 $28 $29 .DB $20,$21,$22,$23,$24,$25,$26,$27,$28,$29,$2A,$2B,$2C,$2D,$00,$00
$2A $2B $2C $2D $00 $00 
$00 $00 $00 $00 $00 $00 $2E $00 $00 $00 .DB $00,$00,$00,$00,$00,$00,$2E,$00,$00,$00,$00,$00,$00,$00,$00,$00
$00 $00 $00 $00 $00 $00 
$00 $00 $00 $00 $00 $00 $00 $00 $00 $00 .DB $00,$00,$00,$00,$00,$00,$00,$00,$00,$00,$00,$00,$00,$00,$00,$00
$00 $00 $00 $00 $00 $00 
$00 $00 $00 $00 $00 $00 $00 $00 $00 $00 .DB $00,$00,$00,$00,$00,$00,$00,$00,$00,$00,$2F,$30,$31,$32,$33,$34
$2F $30 $31 $32 $33 $34 
$35 $30 $36 $37 $38 $39 $3A $3B $3C $3D .DB $35,$30,$36,$37,$38,$39,$3A,$3B,$3C,$3D,$00,$00,$00,$3A,$3E,$3F
$00 $00 $00 $3A $3E $3F 
$40 $41 $42 $43 $44 $3A $3E $45 $46 $47 .DB $40,$41,$42,$43,$44,$3A,$3E,$45,$46,$47,$48,$49,$4A,$4B,$4C,$00
$48 $49 $4A $4B $4C $00 
$00 $00 $00 $00 $00 $00 $00 $00 $00 $00 .DB $00,$00,$00,$00,$00,$00,$00,$00,$00,$00,$00,$00,$00,$00,$00,$00
$00 $00 $00 $00 $00 $00 
$00 $00 $00 $00 $00 $00 $00 $00 $00 $00 .DB $00,$00,$00,$00,$00,$00,$00,$00,$00,$00,$00,$00,$00,$00,$00,$00
$00 $00 $00 $00 $00 $00 
$00 $00 $00 $00 $00 $00 $00 $00 $00 $00 .DB $00,$00,$00,$00,$00,$00,$00,$00,$00,$00,$00,$00,$4D,$4E,$4F,$50
$00 $00 $4D $4E $4F $50 
$51 $52 $53 $54 $55 $56 $57 $58 $00 $00 .DB $51,$52,$53,$54,$55,$56,$57,$58,$00,$00,$00,$00,$00,$00,$00,$00
$00 $00 $00 $00 $00 $00 
$00 $00 $00 $00 $00 $00 $00 $00 $00 $00 .DB $00,$00,$00,$00,$00,$00,$00,$00,$00,$00,$00,$00,$00,$00,$00,$00
$00 $00 $00 $00 $00 $00 
$00 $00 $00 $00 $00 $00 $00 $00 $00 $00 .DB $00,$00,$00,$00,$00,$00,$00,$00,$00,$00,$00,$00,$00,$00,$00,$00
$00 $00 $00 $00 $00 $00 
$00 $00 $00 $00 $00 $00 $59 $5A $5B $5C .DB $00,$00,$00,$00,$00,$00,$59,$5A,$5B,$5C,$5D,$5E,$5F,$60,$5B,$61
$5D $5E $5F $60 $5B $61 
$62 $63 $64 $65 $66 $67 $58 $00 $00 $00 .DB $62,$63,$64,$65,$66,$67,$58,$00,$00,$00,$00,$00,$68,$69,$6A,$6B
$00 $00 $68 $69 $6A $6B 
$6C $62 $6D $6E $6F $70 $71 $5B $00 $00 .DB $6C,$62,$6D,$6E,$6F,$70,$71,$5B,$00,$00,$00,$00,$00,$00,$72,$73
$00 $00 $00 $00 $72 $73 
$74 $75 $76 $6C $62 $6A $77 $78 $79 $78 .DB $74,$75,$76,$6C,$62,$6A,$77,$78,$79,$78,$7A,$7B,$7C,$7D,$00,$00
$7A $7B $7C $7D $00 $00 
$00 $00 $00 $00 $00 $00 $00 $00 $00 $00 .DB $00,$00,$00,$00,$00,$00,$00,$00,$00,$00,$00,$00,$00,$00,$00,$00
$00 $00 $00 $00 $00 $00 
$00 $00 $00 $00 $00 $00 $00 $00 $00 $00 .DB $00,$00,$00,$00,$00,$00,$00,$00,$00,$00,$00,$00,$00,$00,$00,$00
$00 $00 $00 $00 $00 $00 
$00 $00 $00 $00 $00 $00 $00 $00         .DB $00,$00,$00,$00,$00,$00,$00,$00
                                        .REPT 20*18
$00                                     .DB $00
$00                                     .ENDR
$00                                     
$00                                     ; /////////////////
$00                                     ; //             //
$00                                     ; //  Tile Data  //
$00                                     ; //             //
$00                                     ; /////////////////
$00                                     
$00                                     legal_tile_data:
$00                                     .DB $00,$00,$00,$00,$00,$00,$00,$00,$00,$00,$00,$00,$00,$00,$00,$00
$00                                     .DB $00,$00,$00,$00,$00,$00,$00,$00,$00,$00,$00,$00,$08,$30,$78,$3C
$00                                     .DB $00,$00,$00,$00,$00,$00,$00,$00,$00,$00,$00,$00,$10,$61,$6B,$F1
$00                                     .DB $00,$00,$00,$00,$00,$00,$00,$00,$00,$00,$00,$00,$40,$80,$C0,$E0
$00                                     .DB $00,$00,$00,$00,$00,$00,$00,$00,$00,$00,$00,$00,$06,$03,$07,$07
$00                                     .DB $00,$00,$00,$00,$00,$00,$00,$00,$00,$00,$00,$00,$80,$01,$45,$83
$00                                     .DB $00,$00,$00,$00,$00,$00,$00,$00,$00,$00,$00,$00,$E0,$C0,$E0,$F0
$00                                     .DB $00,$00,$00,$00,$00,$00,$00,$00,$00,$00,$00,$00,$00,$00,$03,$01
$00                                     .DB $00,$00,$00,$00,$00,$00,$00,$00,$00,$00,$00,$00,$C0,$00,$A0,$C0
$00                                     .DB $00,$00,$00,$00,$00,$00,$00,$00,$00,$00,$00,$00,$00,$03,$07,$03
$00                                     .DB $00,$00,$00,$00,$00,$00,$00,$00,$00,$00,$00,$00,$80,$00,$80,$C0
$00                                     .DB $00,$00,$00,$00,$00,$00,$00,$00,$00,$00,$07,$00,$07,$07,$07,$0F
$00                                     .DB $00,$00,$00,$00,$00,$00,$00,$00,$00,$00,$F0,$00,$E0,$F8,$E8,$D0
$00                                     .DB $00,$00,$00,$00,$00,$00,$00,$00,$04,$08,$0C,$1E,$3D,$1E,$3C,$1F
$00                                     .DB $39,$7E,$39,$7E,$19,$3E,$18,$3E,$18,$3E,$18,$3E,$18,$3E,$18,$3E
$00                                     .DB $F5,$FB,$F1,$FF,$F2,$7D,$71,$7C,$70,$7C,$F4,$78,$F5,$78,$E4,$79
$00                                     .DB $D0,$E0,$C0,$F1,$C7,$F3,$C9,$F7,$E0,$DF,$B3,$DC,$DA,$BC,$1A,$FC
$00                                     .DB $0F,$07,$43,$87,$D7,$E3,$EB,$F3,$E7,$FB,$77,$FB,$73,$7F,$3B,$77
$00                                     .DB $14,$CF,$0E,$DD,$2C,$DF,$1C,$FF,$2E,$DD,$0C,$DF,$0D,$DE,$0D,$DE
$00                                     .DB $E8,$D0,$00,$F0,$A0,$4E,$0D,$DE,$0E,$FF,$86,$7F,$6D,$56,$C0,$7F
$00                                     .DB $00,$00,$00,$00,$33,$19,$73,$3F,$B3,$7F,$71,$BF,$72,$BD,$70,$3D
$00                                     .DB $00,$00,$00,$00,$01,$C3,$C0,$E7,$D8,$E7,$D5,$EE,$C7,$FF,$CF,$F7
$00                                     .DB $03,$03,$F7,$03,$E3,$FF,$57,$EB,$0B,$F3,$33,$03,$93,$E3,$F3,$FB
$00                                     .DB $20,$C0,$B0,$C0,$81,$F8,$CB,$B1,$A4,$C3,$A0,$C7,$A5,$CE,$A4,$CF
$00                                     .DB $02,$01,$01,$00,$03,$E1,$D7,$E3,$E3,$F7,$6F,$F3,$EB,$53,$57,$A3
$00                                     .DB $20,$C0,$00,$C0,$04,$8E,$0C,$DF,$0C,$DF,$1C,$CF,$1C,$CF,$1C,$CF
$00                                     .DB $00,$00,$40,$00,$C0,$70,$F0,$F8,$F4,$F8,$70,$FC,$B0,$7C,$30,$7C
$00                                     .DB $00,$0F,$08,$07,$01,$00,$00,$01,$00,$01,$01,$00,$00,$00,$00,$00
$00                                     .DB $20,$D0,$41,$A0,$D1,$E1,$F1,$FB,$F5,$FB,$33,$FF,$72,$3F,$1A,$37
$00                                     .DB $1C,$0F,$2C,$CF,$CC,$FF,$CC,$FF,$4C,$BF,$BC,$4F,$CC,$0F,$4C,$8F
$00                                     .DB $18,$3E,$1C,$3E,$3F,$1E,$1F,$1F,$1F,$0F,$06,$0F,$00,$07,$03,$00
$00                                     .DB $E4,$79,$F6,$79,$F8,$7F,$7E,$FF,$BE,$7F,$9F,$7E,$20,$9F,$0D,$02
$00                                     .DB $98,$5E,$5D,$9E,$1E,$9F,$4F,$9F,$1F,$CF,$0F,$87,$80,$07,$03,$00
$00                                     .DB $6B,$37,$23,$3F,$37,$2B,$CB,$33,$81,$F3,$52,$A1,$20,$C1,$80,$00
$00                                     .DB $0D,$DE,$0D,$DE,$8D,$DE,$AD,$DE,$4D,$BE,$8D,$5E,$4D,$9E,$0C,$1F
$00                                     .DB $40,$FE,$70,$EC,$E0,$78,$F8,$7F,$3E,$7F,$5C,$3F,$20,$1F,$0D,$02
$00                                     .DB $70,$3D,$70,$3D,$79,$3C,$FB,$3C,$3A,$B4,$A0,$1C,$00,$18,$00,$00
$00                                     .DB $C1,$F7,$C4,$F3,$C0,$F0,$C9,$F6,$EF,$DF,$07,$FF,$00,$6F,$07,$00
$00                                     .DB $F7,$FB,$3B,$F7,$C7,$3B,$51,$2B,$EB,$D1,$40,$B1,$21,$C0,$80,$00
$00                                     .DB $AC,$CF,$AF,$CE,$A6,$CF,$DF,$E7,$EB,$D7,$A5,$D3,$02,$E1,$40,$00
$00                                     .DB $27,$C3,$47,$83,$87,$03,$8B,$F3,$C9,$F3,$E2,$D1,$00,$F1,$E0,$00
$00                                     .DB $1C,$CF,$1C,$CF,$BE,$CF,$9E,$EF,$AE,$4D,$00,$CF,$00,$86,$00,$00
$00                                     .DB $30,$7C,$30,$7C,$30,$7C,$F2,$3C,$B8,$34,$04,$38,$08,$10,$00,$00
$00                                     .DB $00,$00,$00,$00,$0D,$0E,$0F,$1F,$07,$1F,$10,$0F,$02,$01,$00,$00
$00                                     .DB $0C,$33,$12,$29,$40,$39,$80,$F1,$D0,$A0,$A0,$40,$40,$80,$00,$00
$00                                     .DB $0C,$8F,$1C,$8F,$4C,$9F,$9E,$FD,$7A,$FD,$AC,$72,$40,$3C,$10,$00
$00                                     .DB $05,$1A,$10,$0E,$00,$00,$00,$00,$00,$00,$00,$00,$00,$00,$00,$00
$00                                     .DB $00,$00,$00,$00,$75,$75,$25,$25,$27,$27,$25,$25,$25,$25,$00,$00
$00                                     .DB $00,$00,$00,$00,$77,$77,$24,$24,$27,$27,$21,$21,$77,$77,$00,$00
$00                                     .DB $00,$00,$00,$00,$07,$07,$04,$04,$05,$05,$05,$05,$07,$07,$00,$00
$00                                     .DB $00,$00,$00,$00,$75,$75,$57,$57,$75,$75,$55,$55,$55,$55,$00,$00
$00                                     .DB $00,$00,$00,$00,$70,$70,$40,$40,$60,$60,$40,$40,$70,$70,$00,$00
$00                                     .DB $00,$00,$00,$00,$77,$77,$55,$55,$77,$77,$45,$45,$45,$45,$00,$00
$00                                     .DB $00,$00,$00,$00,$50,$50,$50,$50,$60,$60,$50,$50,$50,$50,$00,$00
$00                                     .DB $00,$00,$00,$00,$05,$05,$07,$07,$07,$07,$05,$05,$05,$05,$00,$00
$00                                     .DB $00,$00,$00,$00,$77,$77,$52,$52,$52,$52,$52,$52,$72,$72,$00,$00
$00                                     .DB $00,$00,$00,$00,$04,$04,$04,$04,$04,$04,$04,$04,$07,$07,$00,$00
$00                                     .DB $00,$00,$00,$00,$77,$77,$24,$24,$24,$24,$24,$24,$77,$77,$00,$00
$00                                     .DB $00,$00,$00,$00,$75,$75,$47,$47,$65,$65,$45,$45,$75,$75,$00,$00
$00                                     .DB $00,$00,$00,$00,$77,$77,$44,$44,$76,$76,$14,$14,$77,$77,$00,$00
$00                                     .DB $00,$00,$00,$00,$60,$60,$50,$50,$50,$50,$50,$50,$60,$60,$00,$00
$00                                     .DB $00,$00,$00,$00,$77,$77,$55,$55,$57,$57,$56,$56,$75,$75,$00,$00
$00                                     .DB $00,$00,$00,$00,$67,$67,$55,$55,$55,$55,$55,$55,$67,$67,$00,$00
$00                                     .DB $00,$00,$00,$00,$77,$77,$54,$54,$77,$77,$61,$61,$57,$57,$00,$00
$00                                     .DB $00,$00,$00,$00,$76,$76,$45,$45,$65,$65,$45,$45,$76,$76,$00,$00
$00                                     .DB $00,$00,$00,$00,$06,$06,$05,$05,$06,$06,$05,$05,$06,$06,$00,$00
$00                                     .DB $00,$00,$00,$00,$50,$50,$50,$50,$20,$20,$20,$20,$20,$20,$00,$00
$00                                     .DB $00,$00,$00,$00,$57,$57,$72,$72,$52,$52,$52,$52,$57,$57,$00,$00
$00                                     .DB $00,$00,$00,$00,$57,$57,$72,$72,$52,$52,$52,$52,$52,$52,$00,$00
$00                                     .DB $00,$00,$00,$00,$07,$07,$05,$05,$05,$05,$05,$05,$27,$27,$40,$40
$00                                     .DB $00,$00,$00,$00,$70,$70,$50,$50,$70,$70,$60,$60,$50,$50,$00,$00
$00                                     .DB $00,$00,$00,$00,$76,$76,$25,$25,$25,$25,$25,$25,$76,$76,$00,$00
$00                                     .DB $00,$00,$00,$00,$07,$07,$04,$04,$07,$07,$01,$01,$07,$07,$00,$00
$00                                     .DB $00,$00,$00,$00,$77,$77,$54,$54,$56,$56,$54,$54,$74,$74,$00,$00
$00                                     .DB $00,$00,$00,$00,$75,$75,$25,$25,$25,$25,$27,$27,$25,$25,$00,$00
$00                                     .DB $00,$00,$00,$00,$77,$77,$55,$55,$77,$77,$56,$56,$55,$55,$00,$00
$00                                     .DB $00,$00,$00,$00,$72,$72,$42,$42,$62,$62,$40,$40,$72,$72,$00,$00
$00                                     .DB $00,$00,$78,$78,$84,$84,$B4,$B4,$A4,$A4,$B4,$B4,$84,$84,$78,$78
$00                                     .DB $00,$00,$00,$00,$EE,$EE,$2A,$2A,$EA,$EA,$8A,$8A,$EE,$EE,$00,$00
$00                                     .DB $00,$00,$00,$00,$C8,$C8,$48,$48,$4E,$4E,$4A,$4A,$EE,$EE,$00,$00
$00                                     .DB $00,$00,$00,$00,$0A,$0A,$0A,$0A,$0A,$0A,$0E,$0E,$0A,$0A,$00,$00
$00                                     .DB $00,$00,$00,$00,$AA,$AA,$AA,$AA,$AA,$AA,$EE,$EE,$AA,$AA,$00,$00
$00                                     .DB $00,$00,$00,$00,$0A,$0A,$0A,$0A,$0E,$0E,$0A,$0A,$4A,$4A,$00,$00
$00                                     .DB $00,$00,$00,$00,$EE,$EE,$AA,$AA,$EE,$EE,$A8,$A8,$A8,$A8,$00,$00
$00                                     .DB $00,$00,$00,$00,$EA,$EA,$AA,$AA,$EA,$EA,$84,$84,$84,$84,$00,$00
$00                                     .DB $00,$00,$00,$00,$CE,$CE,$AA,$AA,$AE,$AE,$AA,$AA,$CA,$CA,$00,$00
$00                                     .DB $00,$00,$00,$00,$EE,$EE,$28,$28,$4C,$4C,$88,$88,$EE,$EE,$00,$00
$00                                     .DB $00,$00,$00,$00,$0E,$0E,$08,$08,$0E,$0E,$02,$02,$4E,$4E,$00,$00
$00                                     .DB $00,$00,$00,$00,$E0,$E0,$80,$80,$C0,$C0,$80,$80,$E0,$E0,$00,$00
$00                                     .DB $00,$00,$00,$00,$AE,$AE,$AA,$AA,$AA,$AA,$EA,$EA,$AE,$AE,$00,$00
$00                                     .DB $00,$00,$00,$00,$8E,$8E,$88,$88,$8C,$8C,$88,$88,$E8,$E8,$00,$00
$00                                     .DB $00,$00,$00,$00,$EA,$EA,$8E,$8E,$CA,$CA,$8A,$8A,$EA,$EA,$00,$00
$00                                     .DB $00,$00,$00,$00,$EE,$EE,$84,$84,$E4,$E4,$24,$24,$E4,$E4,$00,$00
$00                                     .DB $00,$00,$00,$00,$EE,$EE,$84,$84,$C4,$C4,$84,$84,$EE,$EE,$00,$00
$00                                     .DB $00,$00,$00,$00,$A0,$A0,$E0,$E0,$A0,$A0,$A0,$A0,$A0,$A0,$00,$00
$00                                     .DB $00,$00,$00,$00,$EE,$EE,$8A,$8A,$8A,$8A,$8A,$8A,$EE,$EE,$00,$00
$00                                     .DB $00,$00,$00,$00,$AE,$AE,$E4,$E4,$A4,$A4,$A4,$A4,$A4,$A4,$00,$00
$00                                     .DB $00,$00,$03,$03,$E4,$E4,$45,$45,$45,$45,$45,$45,$44,$44,$03,$03
$00                                     .DB $00,$00,$C0,$C0,$20,$20,$A0,$A0,$20,$20,$A0,$A0,$20,$20,$C0,$C0
$00                                     .DB $00,$00,$00,$00,$EC,$EC,$4A,$4A,$4A,$4A,$4A,$4A,$EC,$EC,$00,$00
$00                                     .DB $00,$00,$00,$00,$0E,$0E,$08,$08,$0E,$0E,$02,$02,$0E,$0E,$00,$00
$00                                     .DB $00,$00,$00,$00,$EE,$EE,$A8,$A8,$AC,$AC,$A8,$A8,$E8,$E8,$00,$00
$00                                     .DB $00,$00,$00,$00,$EA,$EA,$4A,$4A,$4A,$4A,$4E,$4E,$4A,$4A,$00,$00
$00                                     .DB $00,$00,$00,$00,$EE,$EE,$AA,$AA,$EE,$EE,$AC,$AC,$AA,$AA,$00,$00
$00                                     .DB $00,$00,$00,$00,$EA,$EA,$8A,$8A,$C4,$C4,$8A,$8A,$8A,$8A,$00,$00
$00                                     .DB $00,$00,$00,$00,$0A,$0A,$0A,$0A,$EE,$EE,$0A,$0A,$0A,$0A,$00,$00
$00                                     .DB $00,$00,$00,$00,$EA,$EA,$AE,$AE,$EA,$EA,$AA,$AA,$AA,$AA,$00,$00
$00                                     .DB $00,$00,$00,$00,$AE,$AE,$E8,$E8,$AC,$AC,$A8,$A8,$AE,$AE,$00,$00
$00                                     .DB $00,$00,$03,$03,$E4,$E4,$A5,$A5,$E5,$E5,$C5,$C5,$A4,$A4,$03,$03
$00                                     .DB $00,$00,$00,$00,$E8,$E8,$A8,$A8,$E8,$E8,$A8,$A8,$AE,$AE,$00,$00
$00                                     .DB $00,$00,$00,$00,$EA,$EA,$8A,$8A,$CC,$CC,$8A,$8A,$EA,$EA,$00,$00
$00                                     .DB $00,$00,$00,$00,$EE,$EE,$84,$84,$E4,$E4,$24,$24,$EE,$EE,$00,$00
$00                                     .DB $00,$00,$00,$00,$0E,$0E,$08,$08,$0C,$0C,$08,$08,$0E,$0E,$00,$00
$00                                     .DB $00,$00,$00,$00,$EC,$EC,$8A,$8A,$CC,$CC,$8A,$8A,$EC,$EC,$00,$00
$00                                     .DB $00,$00,$00,$00,$0E,$0E,$08,$08,$08,$08,$0A,$0A,$0E,$0E,$00,$00
$00                                     .DB $00,$00,$00,$00,$CE,$CE,$A4,$A4,$C4,$C4,$A4,$A4,$C4,$C4,$00,$00
$00                                     .DB $00,$00,$00,$00,$0E,$0E,$0A,$0A,$0E,$0E,$08,$08,$08,$08,$00,$00
$00                                     .DB $00,$00,$00,$00,$8E,$8E,$8A,$8A,$8E,$8E,$8A,$8A,$EA,$EA,$00,$00
$00                                     .DB $00,$00,$00,$00,$AE,$AE,$A8,$A8,$4C,$4C,$48,$48,$4E,$4E,$00,$00
$00                                     .DB $00,$00,$00,$00,$EE,$EE,$4A,$4A,$4A,$4A,$4A,$4A,$4E,$4E,$00,$00
$00                                     .DB $00,$00,$00,$00,$AE,$AE,$E4,$E4,$A4,$A4,$A4,$A4,$AE,$AE,$00,$00
$00                                     .DB $00,$00,$00,$00,$E0,$E0,$A0,$A0,$A0,$A0,$A0,$A0,$E0,$E0,$00,$00
$00                                     .DB $00,$00,$00,$00,$AE,$AE,$EA,$EA,$AA,$AA,$AA,$AA,$AE,$AE,$00,$00
$00                                     .DB $00,$00,$00,$00,$0C,$0C,$0A,$0A,$0A,$0A,$0A,$0A,$0C,$0C,$00,$00
$00                                     .DB $00,$00,$00,$00,$EE,$EE,$4A,$4A,$4E,$4E,$4A,$4A,$EA,$EA,$00,$00
$00                                     .DB $00,$00,$00,$00,$E0,$E0,$20,$20,$40,$40,$80,$80,$E0,$E0,$00,$00
$00                                     $00                                     $00                                     $00                                     $00                                     $00                                     $00                                     $00                                     $00                                     $00                                     $00                                     $00                                     $00                                     $00                                     $00                                     $00                                     $00                                     $00                                     $00                                     $00                                     $00                                     $00                                     $00                                     $00                                     $00                                     $00                                     $00                                     $00                                     $00                                     $00                                     $00                                     $00                                     $00                                     $00                                     $00                                     $00                                     $00                                     $00                                     $00                                     $00                                     $00                                     $00                                     $00                                     $00                                     $00                                     $00                                     $00                                     $00                                     $00                                     $00                                     $00                                     $00                                     $00                                     $00                                     $00                                     $00                                     $00                                     $00                                     $00                                     $00                                     $00                                     $00                                     $00                                     $00                                     $00                                     $00                                     $00                                     $00                                     $00                                     $00                                     $00                                     $00                                     $00                                     $00                                     $00                                     $00                                     $00                                     $00                                     $00                                     $00                                     $00                                     $00                                     $00                                     $00                                     $00                                     $00                                     $00                                     $00                                     $00                                     $00                                     $00                                     $00                                     $00                                     $00                                     $00                                     $00                                     $00                                     $00                                     $00                                     $00                                     $00                                     $00                                     $00                                     $00                                     $00                                     $00                                     $00                                     $00                                     $00                                     $00                                     $00                                     $00                                     $00                                     $00                                     $00                                     $00                                     $00                                     $00                                     $00                                     $00                                     $00                                     $00                                     $00                                     $00                                     $00                                     $00                                     $00                                     $00                                     $00                                     $00                                     $00                                     $00                                     $00                                     $00                                     $00                                     $00                                     $00                                     $00                                     $00                                     $00                                     $00                                     $00                                     $00                                     $00                                     $00                                     $00                                     $00                                     $00                                     $00                                     $00                                     $00                                     $00                                     $00                                     $00                                     $00                                     $00                                     $00                                     $00                                     $00                                     $00                                     $00                                     $00                                     $00                                     $00                                     $00                                     $00                                     $00                                     $00                                     $00                                     $00                                     $00                                     $00                                     $00                                     $00                                     $00                                     $00                                     $00                                     $00                                     $00                                     $00                                     $00                                     $00                                     $00                                     $00                                     $00                                     $00                                     $00                                     $00                                     $00                                     $00                                     $00                                     $00                                     $00                                     $00                                     $00                                     $00                                     $00                                     $00                                     $00                                     $00                                     $00                                     $00                                     $00                                     $00                                     $00                                     $00                                     $00                                     $00                                     $00                                     $00                                     $00                                     $00                                     $00                                     $00                                     $00                                     $00                                     $00                                     $00                                     $00                                     $00                                     $00                                     $00                                     $00                                     $00                                     $00 $00 $00 $00 $00 $00 $00 $00 $00 $00 $00 $00 $00 $00 $00 $00 
$00 $00 $00 $00 $00 $00 $00 $00 $00 $00 $00 $00 $08 $30 $78 $3C 
$00 $00 $00 $00 $00 $00 $00 $00 $00 $00 $00 $00 $10 $61 $6B $F1 
$00 $00 $00 $00 $00 $00 $00 $00 $00 $00 $00 $00 $40 $80 $C0 $E0 
$00 $00 $00 $00 $00 $00 $00 $00 $00 $00 $00 $00 $06 $03 $07 $07 
$00 $00 $00 $00 $00 $00 $00 $00 $00 $00 $00 $00 $80 $01 $45 $83 
$00 $00 $00 $00 $00 $00 $00 $00 $00 $00 $00 $00 $E0 $C0 $E0 $F0 
$00 $00 $00 $00 $00 $00 $00 $00 $00 $00 $00 $00 $00 $00 $03 $01 
$00 $00 $00 $00 $00 $00 $00 $00 $00 $00 $00 $00 $C0 $00 $A0 $C0 
$00 $00 $00 $00 $00 $00 $00 $00 $00 $00 $00 $00 $00 $03 $07 $03 
$00 $00 $00 $00 $00 $00 $00 $00 $00 $00 $00 $00 $80 $00 $80 $C0 
$00 $00 $00 $00 $00 $00 $00 $00 $00 $00 $07 $00 $07 $07 $07 $0F 
$00 $00 $00 $00 $00 $00 $00 $00 $00 $00 $F0 $00 $E0 $F8 $E8 $D0 
$00 $00 $00 $00 $00 $00 $00 $00 $04 $08 $0C $1E $3D $1E $3C $1F 
$39 $7E $39 $7E $19 $3E $18 $3E $18 $3E $18 $3E $18 $3E $18 $3E 
$F5 $FB $F1 $FF $F2 $7D $71 $7C $70 $7C $F4 $78 $F5 $78 $E4 $79 
$D0 $E0 $C0 $F1 $C7 $F3 $C9 $F7 $E0 $DF $B3 $DC $DA $BC $1A $FC 
$0F $07 $43 $87 $D7 $E3 $EB $F3 $E7 $FB $77 $FB $73 $7F $3B $77 
$14 $CF $0E $DD $2C $DF $1C $FF $2E $DD $0C $DF $0D $DE $0D $DE 
$E8 $D0 $00 $F0 $A0 $4E $0D $DE $0E $FF $86 $7F $6D $56 $C0 $7F 
$00 $00 $00 $00 $33 $19 $73 $3F $B3 $7F $71 $BF $72 $BD $70 $3D 
$00 $00 $00 $00 $01 $C3 $C0 $E7 $D8 $E7 $D5 $EE $C7 $FF $CF $F7 
$03 $03 $F7 $03 $E3 $FF $57 $EB $0B $F3 $33 $03 $93 $E3 $F3 $FB 
$20 $C0 $B0 $C0 $81 $F8 $CB $B1 $A4 $C3 $A0 $C7 $A5 $CE $A4 $CF 
$02 $01 $01 $00 $03 $E1 $D7 $E3 $E3 $F7 $6F $F3 $EB $53 $57 $A3 
$20 $C0 $00 $C0 $04 $8E $0C $DF $0C $DF $1C $CF $1C $CF $1C $CF 
$00 $00 $40 $00 $C0 $70 $F0 $F8 $F4 $F8 $70 $FC $B0 $7C $30 $7C 
$00 $0F $08 $07 $01 $00 $00 $01 $00 $01 $01 $00 $00 $00 $00 $00 
$20 $D0 $41 $A0 $D1 $E1 $F1 $FB $F5 $FB $33 $FF $72 $3F $1A $37 
$1C $0F $2C $CF $CC $FF $CC $FF $4C $BF $BC $4F $CC $0F $4C $8F 
$18 $3E $1C $3E $3F $1E $1F $1F $1F $0F $06 $0F $00 $07 $03 $00 
$E4 $79 $F6 $79 $F8 $7F $7E $FF $BE $7F $9F $7E $20 $9F $0D $02 
$98 $5E $5D $9E $1E $9F $4F $9F $1F $CF $0F $87 $80 $07 $03 $00 
$6B $37 $23 $3F $37 $2B $CB $33 $81 $F3 $52 $A1 $20 $C1 $80 $00 
$0D $DE $0D $DE $8D $DE $AD $DE $4D $BE $8D $5E $4D $9E $0C $1F 
$40 $FE $70 $EC $E0 $78 $F8 $7F $3E $7F $5C $3F $20 $1F $0D $02 
$70 $3D $70 $3D $79 $3C $FB $3C $3A $B4 $A0 $1C $00 $18 $00 $00 
$C1 $F7 $C4 $F3 $C0 $F0 $C9 $F6 $EF $DF $07 $FF $00 $6F $07 $00 
$F7 $FB $3B $F7 $C7 $3B $51 $2B $EB $D1 $40 $B1 $21 $C0 $80 $00 
$AC $CF $AF $CE $A6 $CF $DF $E7 $EB $D7 $A5 $D3 $02 $E1 $40 $00 
$27 $C3 $47 $83 $87 $03 $8B $F3 $C9 $F3 $E2 $D1 $00 $F1 $E0 $00 
$1C $CF $1C $CF $BE $CF $9E $EF $AE $4D $00 $CF $00 $86 $00 $00 
$30 $7C $30 $7C $30 $7C $F2 $3C $B8 $34 $04 $38 $08 $10 $00 $00 
$00 $00 $00 $00 $0D $0E $0F $1F $07 $1F $10 $0F $02 $01 $00 $00 
$0C $33 $12 $29 $40 $39 $80 $F1 $D0 $A0 $A0 $40 $40 $80 $00 $00 
$0C $8F $1C $8F $4C $9F $9E $FD $7A $FD $AC $72 $40 $3C $10 $00 
$05 $1A $10 $0E $00 $00 $00 $00 $00 $00 $00 $00 $00 $00 $00 $00 
$00 $00 $00 $00 $75 $75 $25 $25 $27 $27 $25 $25 $25 $25 $00 $00 
$00 $00 $00 $00 $77 $77 $24 $24 $27 $27 $21 $21 $77 $77 $00 $00 
$00 $00 $00 $00 $07 $07 $04 $04 $05 $05 $05 $05 $07 $07 $00 $00 
$00 $00 $00 $00 $75 $75 $57 $57 $75 $75 $55 $55 $55 $55 $00 $00 
$00 $00 $00 $00 $70 $70 $40 $40 $60 $60 $40 $40 $70 $70 $00 $00 
$00 $00 $00 $00 $77 $77 $55 $55 $77 $77 $45 $45 $45 $45 $00 $00 
$00 $00 $00 $00 $50 $50 $50 $50 $60 $60 $50 $50 $50 $50 $00 $00 
$00 $00 $00 $00 $05 $05 $07 $07 $07 $07 $05 $05 $05 $05 $00 $00 
$00 $00 $00 $00 $77 $77 $52 $52 $52 $52 $52 $52 $72 $72 $00 $00 
$00 $00 $00 $00 $04 $04 $04 $04 $04 $04 $04 $04 $07 $07 $00 $00 
$00 $00 $00 $00 $77 $77 $24 $24 $24 $24 $24 $24 $77 $77 $00 $00 
$00 $00 $00 $00 $75 $75 $47 $47 $65 $65 $45 $45 $75 $75 $00 $00 
$00 $00 $00 $00 $77 $77 $44 $44 $76 $76 $14 $14 $77 $77 $00 $00 
$00 $00 $00 $00 $60 $60 $50 $50 $50 $50 $50 $50 $60 $60 $00 $00 
$00 $00 $00 $00 $77 $77 $55 $55 $57 $57 $56 $56 $75 $75 $00 $00 
$00 $00 $00 $00 $67 $67 $55 $55 $55 $55 $55 $55 $67 $67 $00 $00 
$00 $00 $00 $00 $77 $77 $54 $54 $77 $77 $61 $61 $57 $57 $00 $00 
$00 $00 $00 $00 $76 $76 $45 $45 $65 $65 $45 $45 $76 $76 $00 $00 
$00 $00 $00 $00 $06 $06 $05 $05 $06 $06 $05 $05 $06 $06 $00 $00 
$00 $00 $00 $00 $50 $50 $50 $50 $20 $20 $20 $20 $20 $20 $00 $00 
$00 $00 $00 $00 $57 $57 $72 $72 $52 $52 $52 $52 $57 $57 $00 $00 
$00 $00 $00 $00 $57 $57 $72 $72 $52 $52 $52 $52 $52 $52 $00 $00 
$00 $00 $00 $00 $07 $07 $05 $05 $05 $05 $05 $05 $27 $27 $40 $40 
$00 $00 $00 $00 $70 $70 $50 $50 $70 $70 $60 $60 $50 $50 $00 $00 
$00 $00 $00 $00 $76 $76 $25 $25 $25 $25 $25 $25 $76 $76 $00 $00 
$00 $00 $00 $00 $07 $07 $04 $04 $07 $07 $01 $01 $07 $07 $00 $00 
$00 $00 $00 $00 $77 $77 $54 $54 $56 $56 $54 $54 $74 $74 $00 $00 
$00 $00 $00 $00 $75 $75 $25 $25 $25 $25 $27 $27 $25 $25 $00 $00 
$00 $00 $00 $00 $77 $77 $55 $55 $77 $77 $56 $56 $55 $55 $00 $00 
$00 $00 $00 $00 $72 $72 $42 $42 $62 $62 $40 $40 $72 $72 $00 $00 
$00 $00 $78 $78 $84 $84 $B4 $B4 $A4 $A4 $B4 $B4 $84 $84 $78 $78 
$00 $00 $00 $00 $EE $EE $2A $2A $EA $EA $8A $8A $EE $EE $00 $00 
$00 $00 $00 $00 $C8 $C8 $48 $48 $4E $4E $4A $4A $EE $EE $00 $00 
$00 $00 $00 $00 $0A $0A $0A $0A $0A $0A $0E $0E $0A $0A $00 $00 
$00 $00 $00 $00 $AA $AA $AA $AA $AA $AA $EE $EE $AA $AA $00 $00 
$00 $00 $00 $00 $0A $0A $0A $0A $0E $0E $0A $0A $4A $4A $00 $00 
$00 $00 $00 $00 $EE $EE $AA $AA $EE $EE $A8 $A8 $A8 $A8 $00 $00 
$00 $00 $00 $00 $EA $EA $AA $AA $EA $EA $84 $84 $84 $84 $00 $00 
$00 $00 $00 $00 $CE $CE $AA $AA $AE $AE $AA $AA $CA $CA $00 $00 
$00 $00 $00 $00 $EE $EE $28 $28 $4C $4C $88 $88 $EE $EE $00 $00 
$00 $00 $00 $00 $0E $0E $08 $08 $0E $0E $02 $02 $4E $4E $00 $00 
$00 $00 $00 $00 $E0 $E0 $80 $80 $C0 $C0 $80 $80 $E0 $E0 $00 $00 
$00 $00 $00 $00 $AE $AE $AA $AA $AA $AA $EA $EA $AE $AE $00 $00 
$00 $00 $00 $00 $8E $8E $88 $88 $8C $8C $88 $88 $E8 $E8 $00 $00 
$00 $00 $00 $00 $EA $EA $8E $8E $CA $CA $8A $8A $EA $EA $00 $00 
$00 $00 $00 $00 $EE $EE $84 $84 $E4 $E4 $24 $24 $E4 $E4 $00 $00 
$00 $00 $00 $00 $EE $EE $84 $84 $C4 $C4 $84 $84 $EE $EE $00 $00 
$00 $00 $00 $00 $A0 $A0 $E0 $E0 $A0 $A0 $A0 $A0 $A0 $A0 $00 $00 
$00 $00 $00 $00 $EE $EE $8A $8A $8A $8A $8A $8A $EE $EE $00 $00 
$00 $00 $00 $00 $AE $AE $E4 $E4 $A4 $A4 $A4 $A4 $A4 $A4 $00 $00 
$00 $00 $03 $03 $E4 $E4 $45 $45 $45 $45 $45 $45 $44 $44 $03 $03 
$00 $00 $C0 $C0 $20 $20 $A0 $A0 $20 $20 $A0 $A0 $20 $20 $C0 $C0 
$00 $00 $00 $00 $EC $EC $4A $4A $4A $4A $4A $4A $EC $EC $00 $00 
$00 $00 $00 $00 $0E $0E $08 $08 $0E $0E $02 $02 $0E $0E $00 $00 
$00 $00 $00 $00 $EE $EE $A8 $A8 $AC $AC $A8 $A8 $E8 $E8 $00 $00 
$00 $00 $00 $00 $EA $EA $4A $4A $4A $4A $4E $4E $4A $4A $00 $00 
$00 $00 $00 $00 $EE $EE $AA $AA $EE $EE $AC $AC $AA $AA $00 $00 
$00 $00 $00 $00 $EA $EA $8A $8A $C4 $C4 $8A $8A $8A $8A $00 $00 
$00 $00 $00 $00 $0A $0A $0A $0A $EE $EE $0A $0A $0A $0A $00 $00 
$00 $00 $00 $00 $EA $EA $AE $AE $EA $EA $AA $AA $AA $AA $00 $00 
$00 $00 $00 $00 $AE $AE $E8 $E8 $AC $AC $A8 $A8 $AE $AE $00 $00 
$00 $00 $03 $03 $E4 $E4 $A5 $A5 $E5 $E5 $C5 $C5 $A4 $A4 $03 $03 
$00 $00 $00 $00 $E8 $E8 $A8 $A8 $E8 $E8 $A8 $A8 $AE $AE $00 $00 
$00 $00 $00 $00 $EA $EA $8A $8A $CC $CC $8A $8A $EA $EA $00 $00 
$00 $00 $00 $00 $EE $EE $84 $84 $E4 $E4 $24 $24 $EE $EE $00 $00 
$00 $00 $00 $00 $0E $0E $08 $08 $0C $0C $08 $08 $0E $0E $00 $00 
$00 $00 $00 $00 $EC $EC $8A $8A $CC $CC $8A $8A $EC $EC $00 $00 
$00 $00 $00 $00 $0E $0E $08 $08 $08 $08 $0A $0A $0E $0E $00 $00 
$00 $00 $00 $00 $CE $CE $A4 $A4 $C4 $C4 $A4 $A4 $C4 $C4 $00 $00 
$00 $00 $00 $00 $0E $0E $0A $0A $0E $0E $08 $08 $08 $08 $00 $00 
$00 $00 $00 $00 $8E $8E $8A $8A $8E $8E $8A $8A $EA $EA $00 $00 
$00 $00 $00 $00 $AE $AE $A8 $A8 $4C $4C $48 $48 $4E $4E $00 $00 
$00 $00 $00 $00 $EE $EE $4A $4A $4A $4A $4A $4A $4E $4E $00 $00 
$00 $00 $00 $00 $AE $AE $E4 $E4 $A4 $A4 $A4 $A4 $AE $AE $00 $00 
$00 $00 $00 $00 $E0 $E0 $A0 $A0 $A0 $A0 $A0 $A0 $E0 $E0 $00 $00 
$00 $00 $00 $00 $AE $AE $EA $EA $AA $AA $AA $AA $AE $AE $00 $00 
$00 $00 $00 $00 $0C $0C $0A $0A $0A $0A $0A $0A $0C $0C $00 $00 
$00 $00 $00 $00 $EE $EE $4A $4A $4E $4E $4A $4A $EA $EA $00 $00 
$00 $00 $00 $00 $E0 $E0 $20 $20 $40 $40 $80 $80 $E0 $E0 $00 $00 
