                                        ; ///////////////////////
                                        ; //                   //
                                        ; //  File Attributes  //
                                        ; //                   //
                                        ; ///////////////////////
                                        
                                        ; Filename: title.bmp
                                        ; Pixel Width: 160px
                                        ; Pixel Height: 144px
                                        
                                        ; /////////////////
                                        ; //             //
                                        ; //  Constants  //
                                        ; //             //
                                        ; /////////////////
                                        
                                        .EQU title_tile_map_size 	$0168
                                        .EQU title_tile_map_width 	$14
                                        .EQU title_tile_map_height 	$12
                                        
                                        .EQU title_tile_data_size 	$02D0
                                        .EQU title_tile_count 		$0168
                                        
                                        ; ////////////////
                                        ; //            //
                                        ; //  Map Data  //
                                        ; //            //
                                        ; ////////////////
                                        
                                        title_map_data:
$00 $00 $00 $00 $00 $00 $00 $00 $00 $00 .DB $00,$00,$00,$00,$00,$00,$00,$00,$00,$00,$00,$00,$00,$00,$00,$00
$00 $00 $00 $00 $00 $00 
$00 $00 $00 $00 $00 $00 $00 $00 $00 $00 .DB $00,$00,$00,$00,$00,$00,$00,$00,$00,$00,$00,$00,$00,$00,$00,$00
$00 $00 $00 $00 $00 $00 
$00 $00 $00 $00 $00 $00 $00 $00 $00 $00 .DB $00,$00,$00,$00,$00,$00,$00,$00,$00,$00,$00,$00,$00,$00,$00,$00
$00 $00 $00 $00 $00 $00 
$00 $01 $02 $00 $00 $00 $00 $00 $00 $00 .DB $00,$01,$02,$00,$00,$00,$00,$00,$00,$00,$00,$00,$00,$00,$00,$00
$00 $00 $00 $00 $00 $00 
$00 $00 $00 $00 $03 $04 $05 $06 $00 $00 .DB $00,$00,$00,$00,$03,$04,$05,$06,$00,$00,$00,$00,$00,$00,$00,$00
$00 $00 $00 $00 $00 $00 
$00 $00 $00 $00 $07 $08 $09 $0A $0B $0C .DB $00,$00,$00,$00,$07,$08,$09,$0A,$0B,$0C,$0D,$0E,$0F,$10,$11,$12
$0D $0E $0F $10 $11 $12 
$00 $00 $00 $00 $00 $00 $00 $00 $00 $13 .DB $00,$00,$00,$00,$00,$00,$00,$00,$00,$13,$14,$15,$16,$17,$18,$19
$14 $15 $16 $17 $18 $19 
$1A $14 $1B $00 $00 $00 $00 $00 $00 $00 .DB $1A,$14,$1B,$00,$00,$00,$00,$00,$00,$00,$00,$00,$00,$00,$00,$00
$00 $00 $00 $00 $00 $00 
$1C $0C $0D $1D $00 $00 $00 $00 $00 $00 .DB $1C,$0C,$0D,$1D,$00,$00,$00,$00,$00,$00,$00,$00,$00,$00,$00,$00
$00 $00 $00 $00 $00 $00 
$00 $00 $00 $00 $1E $0C $0D $1D $00 $00 .DB $00,$00,$00,$00,$1E,$0C,$0D,$1D,$00,$00,$00,$00,$00,$00,$00,$00
$00 $00 $00 $00 $00 $00 
$00 $00 $00 $00 $00 $00 $00 $00 $1E $0C .DB $00,$00,$00,$00,$00,$00,$00,$00,$1E,$0C,$0D,$1D,$00,$00,$00,$00
$0D $1D $00 $00 $00 $00 
$00 $00 $00 $00 $00 $00 $00 $00 $00 $00 .DB $00,$00,$00,$00,$00,$00,$00,$00,$00,$00,$00,$00,$1E,$1F,$20,$21
$00 $00 $1E $1F $20 $21 
$00 $00 $00 $00 $00 $00 $00 $00 $00 $00 .DB $00,$00,$00,$00,$00,$00,$00,$00,$00,$00,$00,$00,$00,$00,$00,$00
$00 $00 $00 $00 $00 $00 
$22 $23 $24 $00 $00 $00 $00 $00 $00 $00 .DB $22,$23,$24,$00,$00,$00,$00,$00,$00,$00,$00,$00,$00,$00,$00,$00
$00 $00 $00 $00 $00 $00 
$00 $00 $00 $00 $00 $00 $00 $00 $00 $00 .DB $00,$00,$00,$00,$00,$00,$00,$00,$00,$00,$00,$00,$00,$00,$00,$00
$00 $00 $00 $00 $00 $00 
$00 $00 $00 $00 $00 $00 $00 $00 $00 $00 .DB $00,$00,$00,$00,$00,$00,$00,$00,$00,$00,$00,$00,$00,$00,$00,$00
$00 $00 $00 $00 $00 $00 
$00 $00 $00 $00 $00 $00 $00 $00 $00 $00 .DB $00,$00,$00,$00,$00,$00,$00,$00,$00,$00,$00,$00,$00,$00,$00,$00
$00 $00 $00 $00 $00 $00 
$00 $00 $00 $00 $00 $00 $00 $00 $00 $00 .DB $00,$00,$00,$00,$00,$00,$00,$00,$00,$00,$00,$00,$00,$00,$25,$26
$00 $00 $00 $00 $25 $26 
$27 $28 $29 $2A $2B $2C $00 $00 $00 $00 .DB $27,$28,$29,$2A,$2B,$2C,$00,$00,$00,$00,$00,$00,$00,$00,$00,$00
$00 $00 $00 $00 $00 $00 
$00 $00 $00 $00 $00 $00 $00 $00 $00 $00 .DB $00,$00,$00,$00,$00,$00,$00,$00,$00,$00,$00,$00,$00,$00,$00,$00
$00 $00 $00 $00 $00 $00 
$00 $00 $00 $00 $00 $00 $00 $00 $00 $00 .DB $00,$00,$00,$00,$00,$00,$00,$00,$00,$00,$00,$00,$00,$00,$00,$00
$00 $00 $00 $00 $00 $00 
$00 $00 $00 $00 $00 $00 $00 $00 $00 $00 .DB $00,$00,$00,$00,$00,$00,$00,$00,$00,$00,$00,$00,$00,$00,$00,$00
$00 $00 $00 $00 $00 $00 
$00 $00 $00 $00 $00 $00 $00 $00         .DB $00,$00,$00,$00,$00,$00,$00,$00
                                        .REPT 20*18
$00                                     .DB $00
$00                                     .ENDR
$00                                     	
$00                                     ; /////////////////
$00                                     ; //             //
$00                                     ; //  Tile Data  //
$00                                     ; //             //
$00                                     ; /////////////////
$00                                     
$00                                     title_tile_data:
$00                                     .DB $00,$FF,$00,$FF,$00,$FF,$00,$FF,$00,$FF,$00,$FF,$00,$FF,$00,$FF
$00                                     .DB $00,$FF,$00,$FF,$00,$FF,$00,$FF,$00,$FF,$04,$FB,$01,$F8,$00,$F8
$00                                     .DB $00,$FF,$00,$FF,$00,$FF,$00,$FF,$00,$FF,$00,$FF,$00,$FF,$40,$3F
$00                                     .DB $00,$FF,$00,$FF,$00,$FF,$00,$FF,$00,$FF,$00,$FF,$28,$C7,$21,$C0
$00                                     .DB $00,$F8,$00,$F8,$00,$F8,$00,$F8,$00,$F8,$00,$F8,$00,$F8,$00,$F8
$00                                     .DB $10,$0F,$04,$03,$02,$01,$08,$07,$08,$07,$08,$07,$08,$07,$08,$07
$00                                     .DB $00,$FF,$00,$FF,$00,$FF,$00,$FF,$00,$FF,$00,$FF,$0C,$F1,$60,$81
$00                                     .DB $00,$FF,$00,$FF,$03,$FC,$00,$FF,$00,$FF,$00,$FF,$00,$FF,$00,$FF
$00                                     .DB $00,$FF,$00,$FF,$80,$00,$0E,$F0,$00,$FF,$00,$FF,$00,$FF,$02,$FC
$00                                     .DB $00,$FF,$00,$FF,$00,$00,$00,$00,$20,$C0,$00,$C0,$80,$00,$00,$00
$00                                     .DB $00,$FF,$00,$FF,$04,$03,$10,$0F,$10,$0F,$00,$00,$00,$00,$00,$00
$00                                     .DB $20,$C0,$20,$C0,$20,$C0,$20,$C0,$00,$C0,$00,$00,$00,$00,$00,$00
$00                                     .DB $00,$38,$00,$38,$00,$38,$00,$38,$00,$38,$00,$38,$00,$38,$00,$38
$00                                     .DB $09,$06,$09,$06,$09,$06,$09,$06,$09,$06,$09,$06,$09,$06,$09,$06
$00                                     .DB $00,$01,$00,$01,$00,$01,$00,$01,$01,$00,$00,$00,$00,$00,$00,$00
$00                                     .DB $00,$FF,$00,$FF,$10,$E0,$04,$F8,$02,$FC,$00,$00,$00,$00,$00,$00
$00                                     .DB $00,$FF,$00,$FF,$00,$00,$00,$00,$02,$01,$01,$00,$00,$00,$00,$00
$00                                     .DB $00,$FF,$00,$FF,$00,$00,$1C,$03,$00,$FF,$00,$FF,$80,$7F,$00,$3F
$00                                     .DB $00,$FF,$00,$FF,$70,$0F,$00,$FF,$00,$FF,$00,$FF,$00,$FF,$00,$FF
$00                                     .DB $03,$FC,$00,$FF,$00,$FF,$00,$FF,$00,$FF,$00,$FF,$00,$FF,$00,$FF
$00                                     .DB $FF,$00,$00,$FF,$00,$FF,$00,$FF,$00,$FF,$00,$FF,$00,$FF,$00,$FF
$00                                     .DB $FF,$00,$00,$FF,$00,$FF,$17,$E0,$08,$F0,$00,$FC,$01,$FE,$00,$FF
$00                                     .DB $FF,$00,$00,$FF,$00,$FF,$FF,$00,$00,$00,$00,$00,$00,$00,$00,$80
$00                                     .DB $C7,$38,$00,$FF,$00,$FF,$C7,$38,$00,$38,$00,$38,$00,$38,$00,$38
$00                                     .DB $F0,$0F,$00,$FF,$00,$FF,$E9,$06,$09,$06,$09,$06,$09,$06,$09,$06
$00                                     .DB $FF,$00,$00,$FF,$00,$FF,$7F,$00,$00,$00,$00,$00,$00,$00,$00,$00
$00                                     .DB $FF,$00,$00,$FF,$00,$FF,$F4,$03,$00,$07,$10,$0F,$40,$3F,$80,$7F
$00                                     .DB $E0,$1F,$00,$FF,$00,$FF,$00,$FF,$00,$FF,$00,$FF,$00,$FF,$00,$FF
$00                                     .DB $00,$C0,$20,$C0,$20,$C0,$20,$C0,$20,$C0,$20,$C0,$20,$C0,$20,$C0
$00                                     .DB $00,$01,$00,$01,$00,$01,$00,$01,$00,$01,$00,$01,$00,$01,$00,$01
$00                                     .DB $20,$C0,$20,$C0,$20,$C0,$20,$C0,$20,$C0,$20,$C0,$20,$C0,$20,$C0
$00                                     .DB $08,$30,$10,$20,$00,$00,$00,$00,$00,$00,$00,$00,$00,$00,$00,$00
$00                                     .DB $09,$06,$0A,$04,$00,$00,$00,$00,$00,$00,$00,$00,$00,$00,$00,$00
$00                                     .DB $00,$01,$00,$01,$00,$01,$02,$01,$08,$07,$10,$0F,$40,$3F,$80,$7F
$00                                     .DB $20,$C0,$20,$C0,$20,$C0,$21,$C0,$20,$C3,$28,$C7,$20,$DF,$00,$FF
$00                                     .DB $08,$00,$20,$18,$40,$38,$00,$F8,$00,$F8,$00,$F9,$04,$FB,$00,$FF
$00                                     .DB $02,$01,$00,$07,$10,$0F,$00,$3F,$80,$7F,$00,$FF,$00,$FF,$00,$FF
$00                                     .DB $00,$F0,$00,$F9,$00,$F9,$00,$F9,$00,$F8,$00,$F9,$00,$F9,$00,$F0
$00                                     .DB $00,$3F,$80,$1F,$00,$9F,$84,$00,$52,$20,$14,$E3,$14,$E3,$02,$E1
$00                                     .DB $00,$FF,$00,$FF,$00,$FF,$4A,$84,$B0,$04,$06,$00,$82,$3D,$48,$84
$00                                     .DB $00,$FF,$00,$FF,$00,$FF,$10,$21,$42,$A5,$52,$21,$94,$29,$42,$21
$00                                     .DB $01,$F0,$00,$E6,$00,$E7,$02,$E1,$08,$F0,$20,$DC,$20,$CC,$10,$E1
$00                                     .DB $00,$FF,$10,$EF,$50,$8F,$02,$84,$54,$89,$52,$8C,$54,$89,$04,$C0
$00                                     .DB $00,$FF,$00,$FF,$00,$FF,$44,$20,$92,$20,$14,$23,$14,$23,$A2,$01
$00                                     .DB $00,$FF,$00,$DF,$00,$9F,$08,$07,$00,$9F,$00,$9F,$00,$9F,$40,$8F
$00                                     $00                                     $00                                     $00                                     $00                                     $00                                     $00                                     $00                                     $00                                     $00                                     $00                                     $00                                     $00                                     $00                                     $00                                     $00                                     $00                                     $00                                     $00                                     $00                                     $00                                     $00                                     $00                                     $00                                     $00                                     $00                                     $00                                     $00                                     $00                                     $00                                     $00                                     $00                                     $00                                     $00                                     $00                                     $00                                     $00                                     $00                                     $00                                     $00                                     $00                                     $00                                     $00                                     $00                                     $00                                     $00                                     $00                                     $00                                     $00                                     $00                                     $00                                     $00                                     $00                                     $00                                     $00                                     $00                                     $00                                     $00                                     $00                                     $00                                     $00                                     $00                                     $00                                     $00                                     $00                                     $00                                     $00                                     $00                                     $00                                     $00                                     $00                                     $00                                     $00                                     $00                                     $00                                     $00                                     $00                                     $00                                     $00                                     $00                                     $00                                     $00                                     $00                                     $00                                     $00                                     $00                                     $00                                     $00                                     $00                                     $00                                     $00                                     $00                                     $00                                     $00                                     $00                                     $00                                     $00                                     $00                                     $00                                     $00                                     $00                                     $00                                     $00                                     $00                                     $00                                     $00                                     $00                                     $00                                     $00                                     $00                                     $00                                     $00                                     $00                                     $00                                     $00                                     $00                                     $00                                     $00                                     $00                                     $00                                     $00                                     $00                                     $00                                     $00                                     $00                                     $00                                     $00                                     $00                                     $00                                     $00                                     $00                                     $00                                     $00                                     $00                                     $00                                     $00                                     $00                                     $00                                     $00                                     $00                                     $00                                     $00                                     $00                                     $00                                     $00                                     $00                                     $00                                     $00                                     $00                                     $00                                     $00                                     $00                                     $00                                     $00                                     $00                                     $00                                     $00                                     $00                                     $00                                     $00                                     $00                                     $00                                     $00                                     $00                                     $00                                     $00                                     $00                                     $00                                     $00                                     $00                                     $00                                     $00                                     $00                                     $00                                     $00                                     $00                                     $00                                     $00                                     $00                                     $00                                     $00                                     $00                                     $00                                     $00                                     $00                                     $00                                     $00                                     $00                                     $00                                     $00                                     $00                                     $00                                     $00                                     $00                                     $00                                     $00                                     $00                                     $00                                     $00                                     $00                                     $00                                     $00                                     $00                                     $00                                     $00                                     $00                                     $00                                     $00                                     $00                                     $00                                     $00                                     $00                                     $00                                     $00                                     $00                                     $00                                     $00                                     $00                                     $00                                     $00                                     $00                                     $00                                     $00                                     $00                                     $00                                     $00                                     $00                                     $00                                     $00                                     $00                                     $00                                     $00                                     $00                                     $00                                     $00                                     $00                                     $00                                     $00                                     $00                                     $00                                     $00                                     $00                                     $00                                     $00                                     $00                                     $00                                     $00                                     $00                                     $00                                     $00                                     $00                                     $00                                     $00                                     $00                                     $00                                     $00                                     $00                                     $00                                     $00                                     $00                                     $00                                     $00                                     $00                                     $00                                     $00                                     $00                                     $00                                     $00                                     $00                                     $00                                     $00                                     $00                                     $00                                     $00                                     $00                                     $00                                     $00                                     $00                                     $00                                     $00                                     $00                                     $00                                     $00                                     $00                                     $00                                     $00                                     $00                                     $00                                     $00                                     $00                                     $00                                     $00                                     $00                                     $00                                     $00                                     $00                                     $00                                     $00                                     $00                                     $00                                     $00                                     $00                                     $00                                     $00                                     $00                                     $00 $FF $00 $FF $00 $FF $00 $FF $00 $FF $00 $FF $00 $FF $00 $FF 
$00 $FF $00 $FF $00 $FF $00 $FF $00 $FF $04 $FB $01 $F8 $00 $F8 
$00 $FF $00 $FF $00 $FF $00 $FF $00 $FF $00 $FF $00 $FF $40 $3F 
$00 $FF $00 $FF $00 $FF $00 $FF $00 $FF $00 $FF $28 $C7 $21 $C0 
$00 $F8 $00 $F8 $00 $F8 $00 $F8 $00 $F8 $00 $F8 $00 $F8 $00 $F8 
$10 $0F $04 $03 $02 $01 $08 $07 $08 $07 $08 $07 $08 $07 $08 $07 
$00 $FF $00 $FF $00 $FF $00 $FF $00 $FF $00 $FF $0C $F1 $60 $81 
$00 $FF $00 $FF $03 $FC $00 $FF $00 $FF $00 $FF $00 $FF $00 $FF 
$00 $FF $00 $FF $80 $00 $0E $F0 $00 $FF $00 $FF $00 $FF $02 $FC 
$00 $FF $00 $FF $00 $00 $00 $00 $20 $C0 $00 $C0 $80 $00 $00 $00 
$00 $FF $00 $FF $04 $03 $10 $0F $10 $0F $00 $00 $00 $00 $00 $00 
$20 $C0 $20 $C0 $20 $C0 $20 $C0 $00 $C0 $00 $00 $00 $00 $00 $00 
$00 $38 $00 $38 $00 $38 $00 $38 $00 $38 $00 $38 $00 $38 $00 $38 
$09 $06 $09 $06 $09 $06 $09 $06 $09 $06 $09 $06 $09 $06 $09 $06 
$00 $01 $00 $01 $00 $01 $00 $01 $01 $00 $00 $00 $00 $00 $00 $00 
$00 $FF $00 $FF $10 $E0 $04 $F8 $02 $FC $00 $00 $00 $00 $00 $00 
$00 $FF $00 $FF $00 $00 $00 $00 $02 $01 $01 $00 $00 $00 $00 $00 
$00 $FF $00 $FF $00 $00 $1C $03 $00 $FF $00 $FF $80 $7F $00 $3F 
$00 $FF $00 $FF $70 $0F $00 $FF $00 $FF $00 $FF $00 $FF $00 $FF 
$03 $FC $00 $FF $00 $FF $00 $FF $00 $FF $00 $FF $00 $FF $00 $FF 
$FF $00 $00 $FF $00 $FF $00 $FF $00 $FF $00 $FF $00 $FF $00 $FF 
$FF $00 $00 $FF $00 $FF $17 $E0 $08 $F0 $00 $FC $01 $FE $00 $FF 
$FF $00 $00 $FF $00 $FF $FF $00 $00 $00 $00 $00 $00 $00 $00 $80 
$C7 $38 $00 $FF $00 $FF $C7 $38 $00 $38 $00 $38 $00 $38 $00 $38 
$F0 $0F $00 $FF $00 $FF $E9 $06 $09 $06 $09 $06 $09 $06 $09 $06 
$FF $00 $00 $FF $00 $FF $7F $00 $00 $00 $00 $00 $00 $00 $00 $00 
$FF $00 $00 $FF $00 $FF $F4 $03 $00 $07 $10 $0F $40 $3F $80 $7F 
$E0 $1F $00 $FF $00 $FF $00 $FF $00 $FF $00 $FF $00 $FF $00 $FF 
$00 $C0 $20 $C0 $20 $C0 $20 $C0 $20 $C0 $20 $C0 $20 $C0 $20 $C0 
$00 $01 $00 $01 $00 $01 $00 $01 $00 $01 $00 $01 $00 $01 $00 $01 
$20 $C0 $20 $C0 $20 $C0 $20 $C0 $20 $C0 $20 $C0 $20 $C0 $20 $C0 
$08 $30 $10 $20 $00 $00 $00 $00 $00 $00 $00 $00 $00 $00 $00 $00 
$09 $06 $0A $04 $00 $00 $00 $00 $00 $00 $00 $00 $00 $00 $00 $00 
$00 $01 $00 $01 $00 $01 $02 $01 $08 $07 $10 $0F $40 $3F $80 $7F 
$20 $C0 $20 $C0 $20 $C0 $21 $C0 $20 $C3 $28 $C7 $20 $DF $00 $FF 
$08 $00 $20 $18 $40 $38 $00 $F8 $00 $F8 $00 $F9 $04 $FB $00 $FF 
$02 $01 $00 $07 $10 $0F $00 $3F $80 $7F $00 $FF $00 $FF $00 $FF 
$00 $F0 $00 $F9 $00 $F9 $00 $F9 $00 $F8 $00 $F9 $00 $F9 $00 $F0 
$00 $3F $80 $1F $00 $9F $84 $00 $52 $20 $14 $E3 $14 $E3 $02 $E1 
$00 $FF $00 $FF $00 $FF $4A $84 $B0 $04 $06 $00 $82 $3D $48 $84 
$00 $FF $00 $FF $00 $FF $10 $21 $42 $A5 $52 $21 $94 $29 $42 $21 
$01 $F0 $00 $E6 $00 $E7 $02 $E1 $08 $F0 $20 $DC $20 $CC $10 $E1 
$00 $FF $10 $EF $50 $8F $02 $84 $54 $89 $52 $8C $54 $89 $04 $C0 
$00 $FF $00 $FF $00 $FF $44 $20 $92 $20 $14 $23 $14 $23 $A2 $01 
$00 $FF $00 $DF $00 $9F $08 $07 $00 $9F $00 $9F $00 $9F $40 $8F 
